<?xml version="1.0" encoding="UTF-8" standalone="no"?>
<!DOCTYPE log SYSTEM "logger.dtd">
<log>
<record>
  <date>2018-10-04T17:24:36</date>
  <millis>1538641476666</millis>
  <sequence>0</sequence>
  <logger>org.uma.jmetal.util.JMetalLogger</logger>
  <level>INFO</level>
  <class>org.uma.jmetal.util.JMetalLogger</class>
  <method>configureLoggers</method>
  <thread>1</thread>
  <message>Loggers configured with null</message>
</record>
<record>
  <date>2018-10-04T17:24:36</date>
  <millis>1538641476788</millis>
  <sequence>1</sequence>
  <logger>org.uma.jmetal.util.JMetalLogger</logger>
  <level>INFO</level>
  <class>org.uma.jmetal.util.evaluator.impl.MultithreadedSolutionListEvaluator</class>
  <method>&lt;init&gt;</method>
  <thread>1</thread>
  <message>Number of cores: 8</message>
</record>
<record>
  <date>2018-10-04T17:24:38</date>
  <millis>1538641478796</millis>
  <sequence>2</sequence>
  <logger>org.uma.jmetal.util.JMetalLogger</logger>
  <level>INFO</level>
  <class>org.uma.jmetal.runner.multiobjective.ParallelNSGAIIRunner</class>
  <method>main</method>
  <thread>1</thread>
  <message>Total execution time: 1977ms</message>
</record>
<record>
  <date>2018-10-04T17:24:38</date>
  <millis>1538641478838</millis>
  <sequence>3</sequence>
  <logger>org.uma.jmetal.util.JMetalLogger</logger>
  <level>INFO</level>
  <class>org.uma.jmetal.util.AbstractAlgorithmRunner</class>
  <method>printFinalSolutionSet</method>
  <thread>1</thread>
  <message>Random seed: 1538641476822</message>
</record>
<record>
  <date>2018-10-04T17:24:38</date>
  <millis>1538641478839</millis>
  <sequence>4</sequence>
  <logger>org.uma.jmetal.util.JMetalLogger</logger>
  <level>INFO</level>
  <class>org.uma.jmetal.util.AbstractAlgorithmRunner</class>
  <method>printFinalSolutionSet</method>
  <thread>1</thread>
  <message>Objectives values have been written to file FUN.tsv</message>
</record>
<record>
  <date>2018-10-04T17:24:38</date>
  <millis>1538641478840</millis>
  <sequence>5</sequence>
  <logger>org.uma.jmetal.util.JMetalLogger</logger>
  <level>INFO</level>
  <class>org.uma.jmetal.util.AbstractAlgorithmRunner</class>
  <method>printFinalSolutionSet</method>
  <thread>1</thread>
  <message>Variables values have been written to file VAR.tsv</message>
</record>
<record>
  <date>2018-10-04T17:24:39</date>
  <millis>1538641479030</millis>
  <sequence>6</sequence>
  <logger>org.uma.jmetal.util.JMetalLogger</logger>
  <level>INFO</level>
  <class>org.uma.jmetal.util.AbstractAlgorithmRunner</class>
  <method>printQualityIndicators</method>
  <thread>1</thread>
  <message>
Hypervolume (N) : 0.6590988307854816
Hypervolume     : 0.6590988307854816
Epsilon (N)     : 0.01300550593393257
Epsilon         : 0.01300550593393257
GD (N)          : 2.519523159689564E-4
GD              : 2.519523159689564E-4
IGD (N)         : 1.8328695954419083E-4
IGD             : 1.8328695954419083E-4
IGD+ (N)        : 0.003961094357813017
IGD+            : 0.003961094357813017
Spread (N)      : 0.34339867996295675
Spread          : 0.34339867996295675
Error ratio     : 1.0
</message>
</record>
</log>
